# JRE version: Java(TM) SE Runtime Environment (7.0_71-b14) (build 1.7.0_71-b14)
# Java VM: Java HotSpot(TM) 64-Bit Server VM (24.71-b01 mixed mode windows-amd64 compressed oops)
Heap
 PSYoungGen      total 64000K, used 53851K [0x00000000ef280000, 0x00000000f3d80000, 0x0000000100000000)
  eden space 54272K, 85% used [0x00000000ef280000,0x00000000f1fbfa18,0x00000000f2780000)
  from space 9728K, 77% used [0x00000000f3400000,0x00000000f3b57530,0x00000000f3d80000)
  to   space 11264K, 0% used [0x00000000f2780000,0x00000000f2780000,0x00000000f3280000)
 ParOldGen       total 154112K, used 133281K [0x00000000cd800000, 0x00000000d6e80000, 0x00000000ef280000)
  object space 154112K, 86% used [0x00000000cd800000,0x00000000d5a28448,0x00000000d6e80000)
 PSPermGen       total 106496K, used 88065K [0x00000000b5800000, 0x00000000bc000000, 0x00000000cd800000)
  object space 106496K, 82% used [0x00000000b5800000,0x00000000bae00548,0x00000000bc000000)
GC Heap History (10 events):
Event: 20227.147 GC heap before
{Heap before GC invocations=106 (full 4):
 PSYoungGen      total 70656K, used 70399K [0x00000000ef280000, 0x00000000f4700000, 0x0000000100000000)
  eden space 61952K, 100% used [0x00000000ef280000,0x00000000f2f00000,0x00000000f2f00000)
  from space 8704K, 97% used [0x00000000f3080000,0x00000000f38bfe58,0x00000000f3900000)
  to   space 12288K, 0% used [0x00000000f3b00000,0x00000000f3b00000,0x00000000f4700000)
 ParOldGen       total 154112K, used 132562K [0x00000000cd800000, 0x00000000d6e80000, 0x00000000ef280000)
  object space 154112K, 86% used [0x00000000cd800000,0x00000000d5974940,0x00000000d6e80000)
 PSPermGen       total 106496K, used 87416K [0x00000000b5800000, 0x00000000bc000000, 0x00000000cd800000)
  object space 106496K, 82% used [0x00000000b5800000,0x00000000bad5e330,0x00000000bc000000)
Event: 20227.170 GC heap after
Heap after GC invocations=106 (full 4):
 PSYoungGen      total 71168K, used 8086K [0x00000000ef280000, 0x00000000f4580000, 0x0000000100000000)
  eden space 60416K, 0% used [0x00000000ef280000,0x00000000ef280000,0x00000000f2d80000)
  from space 10752K, 75% used [0x00000000f3b00000,0x00000000f42e59c8,0x00000000f4580000)
  to   space 12288K, 0% used [0x00000000f2d80000,0x00000000f2d80000,0x00000000f3980000)
 ParOldGen       total 154112K, used 133036K [0x00000000cd800000, 0x00000000d6e80000, 0x00000000ef280000)
  object space 154112K, 86% used [0x00000000cd800000,0x00000000d59eb2e8,0x00000000d6e80000)
 PSPermGen       total 106496K, used 87416K [0x00000000b5800000, 0x00000000bc000000, 0x00000000cd800000)
  object space 106496K, 82% used [0x00000000b5800000,0x00000000bad5e330,0x00000000bc000000)
}
Event: 20235.779 GC heap before
{Heap before GC invocations=107 (full 4):
 PSYoungGen      total 71168K, used 68502K [0x00000000ef280000, 0x00000000f4580000, 0x0000000100000000)
  eden space 60416K, 100% used [0x00000000ef280000,0x00000000f2d80000,0x00000000f2d80000)
  from space 10752K, 75% used [0x00000000f3b00000,0x00000000f42e59c8,0x00000000f4580000)
  to   space 12288K, 0% used [0x00000000f2d80000,0x00000000f2d80000,0x00000000f3980000)
 ParOldGen       total 154112K, used 133036K [0x00000000cd800000, 0x00000000d6e80000, 0x00000000ef280000)
  object space 154112K, 86% used [0x00000000cd800000,0x00000000d59eb2e8,0x00000000d6e80000)
 PSPermGen       total 106496K, used 87447K [0x00000000b5800000, 0x00000000bc000000, 0x00000000cd800000)
  object space 106496K, 82% used [0x00000000b5800000,0x00000000bad65e60,0x00000000bc000000)
Event: 20235.809 GC heap after
Heap after GC invocations=107 (full 4):
 PSYoungGen      total 67584K, used 8589K [0x00000000ef280000, 0x00000000f4300000, 0x0000000100000000)
  eden space 58880K, 0% used [0x00000000ef280000,0x00000000ef280000,0x00000000f2c00000)
  from space 8704K, 98% used [0x00000000f2d80000,0x00000000f35e3688,0x00000000f3600000)
  to   space 11776K, 0% used [0x00000000f3780000,0x00000000f3780000,0x00000000f4300000)
 ParOldGen       total 154112K, used 133188K [0x00000000cd800000, 0x00000000d6e80000, 0x00000000ef280000)
  object space 154112K, 86% used [0x00000000cd800000,0x00000000d5a112f8,0x00000000d6e80000)
 PSPermGen       total 106496K, used 87447K [0x00000000b5800000, 0x00000000bc000000, 0x00000000cd800000)
  object space 106496K, 82% used [0x00000000b5800000,0x00000000bad65e60,0x00000000bc000000)
}
Event: 22003.564 GC heap before
{Heap before GC invocations=108 (full 4):
 PSYoungGen      total 67584K, used 67469K [0x00000000ef280000, 0x00000000f4300000, 0x0000000100000000)
  eden space 58880K, 100% used [0x00000000ef280000,0x00000000f2c00000,0x00000000f2c00000)
  from space 8704K, 98% used [0x00000000f2d80000,0x00000000f35e3688,0x00000000f3600000)
  to   space 11776K, 0% used [0x00000000f3780000,0x00000000f3780000,0x00000000f4300000)
 ParOldGen       total 154112K, used 133188K [0x00000000cd800000, 0x00000000d6e80000, 0x00000000ef280000)
  object space 154112K, 86% used [0x00000000cd800000,0x00000000d5a112f8,0x00000000d6e80000)
 PSPermGen       total 106496K, used 87447K [0x00000000b5800000, 0x00000000bc000000, 0x00000000cd800000)
  object space 106496K, 82% used [0x00000000b5800000,0x00000000bad65e80,0x00000000bc000000)
Event: 22003.605 GC heap after
Heap after GC invocations=108 (full 4):
 PSYoungGen      total 67584K, used 8830K [0x00000000ef280000, 0x00000000f4180000, 0x0000000100000000)
  eden space 57344K, 0% used [0x00000000ef280000,0x00000000ef280000,0x00000000f2a80000)
  from space 10240K, 86% used [0x00000000f3780000,0x00000000f401fb00,0x00000000f4180000)
  to   space 11776K, 0% used [0x00000000f2a80000,0x00000000f2a80000,0x00000000f3600000)
 ParOldGen       total 154112K, used 133204K [0x00000000cd800000, 0x00000000d6e80000, 0x00000000ef280000)
  object space 154112K, 86% used [0x00000000cd800000,0x00000000d5a152f8,0x00000000d6e80000)
 PSPermGen       total 106496K, used 87447K [0x00000000b5800000, 0x00000000bc000000, 0x00000000cd800000)
  object space 106496K, 82% used [0x00000000b5800000,0x00000000bad65e80,0x00000000bc000000)
}
Event: 22010.287 GC heap before
{Heap before GC invocations=109 (full 4):
 PSYoungGen      total 67584K, used 66174K [0x00000000ef280000, 0x00000000f4180000, 0x0000000100000000)
  eden space 57344K, 100% used [0x00000000ef280000,0x00000000f2a80000,0x00000000f2a80000)
  from space 10240K, 86% used [0x00000000f3780000,0x00000000f401fb00,0x00000000f4180000)
  to   space 11776K, 0% used [0x00000000f2a80000,0x00000000f2a80000,0x00000000f3600000)
 ParOldGen       total 154112K, used 133204K [0x00000000cd800000, 0x00000000d6e80000, 0x00000000ef280000)
  object space 154112K, 86% used [0x00000000cd800000,0x00000000d5a152f8,0x00000000d6e80000)
 PSPermGen       total 106496K, used 87892K [0x00000000b5800000, 0x00000000bc000000, 0x00000000cd800000)
  object space 106496K, 82% used [0x00000000b5800000,0x00000000badd5390,0x00000000bc000000)
Event: 22010.304 GC heap after
Heap after GC invocations=109 (full 4):
 PSYoungGen      total 64000K, used 7780K [0x00000000ef280000, 0x00000000f3f00000, 0x0000000100000000)
  eden space 55808K, 0% used [0x00000000ef280000,0x00000000ef280000,0x00000000f2900000)
  from space 8192K, 94% used [0x00000000f2a80000,0x00000000f3219290,0x00000000f3280000)
  to   space 11264K, 0% used [0x00000000f3400000,0x00000000f3400000,0x00000000f3f00000)
 ParOldGen       total 154112K, used 133228K [0x00000000cd800000, 0x00000000d6e80000, 0x00000000ef280000)
  object space 154112K, 86% used [0x00000000cd800000,0x00000000d5a1b2f8,0x00000000d6e80000)
 PSPermGen       total 106496K, used 87892K [0x00000000b5800000, 0x00000000bc000000, 0x00000000cd800000)
  object space 106496K, 82% used [0x00000000b5800000,0x00000000badd5390,0x00000000bc000000)
}
Event: 22014.504 GC heap before
{Heap before GC invocations=110 (full 4):
 PSYoungGen      total 64000K, used 63588K [0x00000000ef280000, 0x00000000f3f00000, 0x0000000100000000)
  eden space 55808K, 100% used [0x00000000ef280000,0x00000000f2900000,0x00000000f2900000)
  from space 8192K, 94% used [0x00000000f2a80000,0x00000000f3219290,0x00000000f3280000)
  to   space 11264K, 0% used [0x00000000f3400000,0x00000000f3400000,0x00000000f3f00000)
 ParOldGen       total 154112K, used 133228K [0x00000000cd800000, 0x00000000d6e80000, 0x00000000ef280000)
  object space 154112K, 86% used [0x00000000cd800000,0x00000000d5a1b318,0x00000000d6e80000)
 PSPermGen       total 106496K, used 87915K [0x00000000b5800000, 0x00000000bc000000, 0x00000000cd800000)
  object space 106496K, 82% used [0x00000000b5800000,0x00000000baddae10,0x00000000bc000000)
Event: 22014.522 GC heap after
Heap after GC invocations=110 (full 4):
 PSYoungGen      total 64000K, used 7517K [0x00000000ef280000, 0x00000000f3d80000, 0x0000000100000000)
  eden space 54272K, 0% used [0x00000000ef280000,0x00000000ef280000,0x00000000f2780000)
  from space 9728K, 77% used [0x00000000f3400000,0x00000000f3b57530,0x00000000f3d80000)
  to   space 11264K, 0% used [0x00000000f2780000,0x00000000f2780000,0x00000000f3280000)
 ParOldGen       total 154112K, used 133281K [0x00000000cd800000, 0x00000000d6e80000, 0x00000000ef280000)
  object space 154112K, 86% used [0x00000000cd800000,0x00000000d5a28448,0x00000000d6e80000)
 PSPermGen       total 106496K, used 87915K [0x00000000b5800000, 0x00000000bc000000, 0x00000000cd800000)
  object space 106496K, 82% used [0x00000000b5800000,0x00000000baddae10,0x00000000bc000000)
}

