# JRE version: Java(TM) SE Runtime Environment (7.0_71-b14) (build 1.7.0_71-b14)
# Java VM: Java HotSpot(TM) 64-Bit Server VM (24.71-b01 mixed mode windows-amd64 compressed oops)
Heap
 PSYoungGen      total 43008K, used 2240K [0x00000000ef280000, 0x00000000f2180000, 0x0000000100000000)
  eden space 37888K, 0% used [0x00000000ef280000,0x00000000ef280000,0x00000000f1780000)
  from space 5120K, 43% used [0x00000000f1780000,0x00000000f19b0000,0x00000000f1c80000)
  to   space 5120K, 0% used [0x00000000f1c80000,0x00000000f1c80000,0x00000000f2180000)
 ParOldGen       total 292352K, used 290460K [0x00000000cd800000, 0x00000000df580000, 0x00000000ef280000)
  object space 292352K, 99% used [0x00000000cd800000,0x00000000df3a73b8,0x00000000df580000)
 PSPermGen       total 100352K, used 99071K [0x00000000b5800000, 0x00000000bba00000, 0x00000000cd800000)
  object space 100352K, 98% used [0x00000000b5800000,0x00000000bb8bff08,0x00000000bba00000)
GC Heap History (10 events):
Event: 149248.053 GC heap after
Heap after GC invocations=1636 (full 29):
 PSYoungGen      total 37888K, used 2226K [0x00000000ef280000, 0x00000000f2300000, 0x0000000100000000)
  eden space 32768K, 0% used [0x00000000ef280000,0x00000000ef280000,0x00000000f1280000)
  from space 5120K, 43% used [0x00000000f1280000,0x00000000f14acab0,0x00000000f1780000)
  to   space 5120K, 0% used [0x00000000f1e00000,0x00000000f1e00000,0x00000000f2300000)
 ParOldGen       total 292352K, used 287113K [0x00000000cd800000, 0x00000000df580000, 0x00000000ef280000)
  object space 292352K, 98% used [0x00000000cd800000,0x00000000df062760,0x00000000df580000)
 PSPermGen       total 100352K, used 99065K [0x00000000b5800000, 0x00000000bba00000, 0x00000000cd800000)
  object space 100352K, 98% used [0x00000000b5800000,0x00000000bb8be550,0x00000000bba00000)
}
Event: 149249.418 GC heap before
{Heap before GC invocations=1637 (full 29):
 PSYoungGen      total 37888K, used 34994K [0x00000000ef280000, 0x00000000f2300000, 0x0000000100000000)
  eden space 32768K, 100% used [0x00000000ef280000,0x00000000f1280000,0x00000000f1280000)
  from space 5120K, 43% used [0x00000000f1280000,0x00000000f14acab0,0x00000000f1780000)
  to   space 5120K, 0% used [0x00000000f1e00000,0x00000000f1e00000,0x00000000f2300000)
 ParOldGen       total 292352K, used 287113K [0x00000000cd800000, 0x00000000df580000, 0x00000000ef280000)
  object space 292352K, 98% used [0x00000000cd800000,0x00000000df062760,0x00000000df580000)
 PSPermGen       total 100352K, used 99070K [0x00000000b5800000, 0x00000000bba00000, 0x00000000cd800000)
  object space 100352K, 98% used [0x00000000b5800000,0x00000000bb8bfac8,0x00000000bba00000)
Event: 149249.427 GC heap after
Heap after GC invocations=1637 (full 29):
 PSYoungGen      total 43520K, used 3391K [0x00000000ef280000, 0x00000000f2280000, 0x0000000100000000)
  eden space 38912K, 0% used [0x00000000ef280000,0x00000000ef280000,0x00000000f1880000)
  from space 4608K, 73% used [0x00000000f1e00000,0x00000000f214fe48,0x00000000f2280000)
  to   space 5120K, 0% used [0x00000000f1880000,0x00000000f1880000,0x00000000f1d80000)
 ParOldGen       total 292352K, used 287751K [0x00000000cd800000, 0x00000000df580000, 0x00000000ef280000)
  object space 292352K, 98% used [0x00000000cd800000,0x00000000df101e60,0x00000000df580000)
 PSPermGen       total 100352K, used 99070K [0x00000000b5800000, 0x00000000bba00000, 0x00000000cd800000)
  object space 100352K, 98% used [0x00000000b5800000,0x00000000bb8bfac8,0x00000000bba00000)
}
Event: 149257.211 GC heap before
{Heap before GC invocations=1638 (full 29):
 PSYoungGen      total 43520K, used 42303K [0x00000000ef280000, 0x00000000f2280000, 0x0000000100000000)
  eden space 38912K, 100% used [0x00000000ef280000,0x00000000f1880000,0x00000000f1880000)
  from space 4608K, 73% used [0x00000000f1e00000,0x00000000f214fe48,0x00000000f2280000)
  to   space 5120K, 0% used [0x00000000f1880000,0x00000000f1880000,0x00000000f1d80000)
 ParOldGen       total 292352K, used 287751K [0x00000000cd800000, 0x00000000df580000, 0x00000000ef280000)
  object space 292352K, 98% used [0x00000000cd800000,0x00000000df101e60,0x00000000df580000)
 PSPermGen       total 100352K, used 99070K [0x00000000b5800000, 0x00000000bba00000, 0x00000000cd800000)
  object space 100352K, 98% used [0x00000000b5800000,0x00000000bb8bfac8,0x00000000bba00000)
Event: 149257.220 GC heap after
Heap after GC invocations=1638 (full 29):
 PSYoungGen      total 38912K, used 256K [0x00000000ef280000, 0x00000000f2200000, 0x0000000100000000)
  eden space 38400K, 0% used [0x00000000ef280000,0x00000000ef280000,0x00000000f1800000)
  from space 512K, 50% used [0x00000000f1880000,0x00000000f18c0000,0x00000000f1900000)
  to   space 5120K, 0% used [0x00000000f1d00000,0x00000000f1d00000,0x00000000f2200000)
 ParOldGen       total 292352K, used 288798K [0x00000000cd800000, 0x00000000df580000, 0x00000000ef280000)
  object space 292352K, 98% used [0x00000000cd800000,0x00000000df207bf0,0x00000000df580000)
 PSPermGen       total 100352K, used 99070K [0x00000000b5800000, 0x00000000bba00000, 0x00000000cd800000)
  object space 100352K, 98% used [0x00000000b5800000,0x00000000bb8bfac8,0x00000000bba00000)
}
Event: 149303.065 GC heap before
{Heap before GC invocations=1639 (full 29):
 PSYoungGen      total 38912K, used 38656K [0x00000000ef280000, 0x00000000f2200000, 0x0000000100000000)
  eden space 38400K, 100% used [0x00000000ef280000,0x00000000f1800000,0x00000000f1800000)
  from space 512K, 50% used [0x00000000f1880000,0x00000000f18c0000,0x00000000f1900000)
  to   space 5120K, 0% used [0x00000000f1d00000,0x00000000f1d00000,0x00000000f2200000)
 ParOldGen       total 292352K, used 288798K [0x00000000cd800000, 0x00000000df580000, 0x00000000ef280000)
  object space 292352K, 98% used [0x00000000cd800000,0x00000000df207bf0,0x00000000df580000)
 PSPermGen       total 100352K, used 99071K [0x00000000b5800000, 0x00000000bba00000, 0x00000000cd800000)
  object space 100352K, 98% used [0x00000000b5800000,0x00000000bb8bfc90,0x00000000bba00000)
Event: 149303.074 GC heap after
Heap after GC invocations=1639 (full 29):
 PSYoungGen      total 42496K, used 1823K [0x00000000ef280000, 0x00000000f2180000, 0x0000000100000000)
  eden space 37888K, 0% used [0x00000000ef280000,0x00000000ef280000,0x00000000f1780000)
  from space 4608K, 39% used [0x00000000f1d00000,0x00000000f1ec7f00,0x00000000f2180000)
  to   space 5120K, 0% used [0x00000000f1780000,0x00000000f1780000,0x00000000f1c80000)
 ParOldGen       total 292352K, used 289018K [0x00000000cd800000, 0x00000000df580000, 0x00000000ef280000)
  object space 292352K, 98% used [0x00000000cd800000,0x00000000df23e980,0x00000000df580000)
 PSPermGen       total 100352K, used 99071K [0x00000000b5800000, 0x00000000bba00000, 0x00000000cd800000)
  object space 100352K, 98% used [0x00000000b5800000,0x00000000bb8bfc90,0x00000000bba00000)
}
Event: 149304.652 GC heap before
{Heap before GC invocations=1640 (full 29):
 PSYoungGen      total 42496K, used 39711K [0x00000000ef280000, 0x00000000f2180000, 0x0000000100000000)
  eden space 37888K, 100% used [0x00000000ef280000,0x00000000f1780000,0x00000000f1780000)
  from space 4608K, 39% used [0x00000000f1d00000,0x00000000f1ec7f00,0x00000000f2180000)
  to   space 5120K, 0% used [0x00000000f1780000,0x00000000f1780000,0x00000000f1c80000)
 ParOldGen       total 292352K, used 289018K [0x00000000cd800000, 0x00000000df580000, 0x00000000ef280000)
  object space 292352K, 98% used [0x00000000cd800000,0x00000000df23e980,0x00000000df580000)
 PSPermGen       total 100352K, used 99071K [0x00000000b5800000, 0x00000000bba00000, 0x00000000cd800000)
  object space 100352K, 98% used [0x00000000b5800000,0x00000000bb8bff08,0x00000000bba00000)
Event: 149304.664 GC heap after
Heap after GC invocations=1640 (full 29):
 PSYoungGen      total 43008K, used 2240K [0x00000000ef280000, 0x00000000f2180000, 0x0000000100000000)
  eden space 37888K, 0% used [0x00000000ef280000,0x00000000ef280000,0x00000000f1780000)
  from space 5120K, 43% used [0x00000000f1780000,0x00000000f19b0000,0x00000000f1c80000)
  to   space 5120K, 0% used [0x00000000f1c80000,0x00000000f1c80000,0x00000000f2180000)
 ParOldGen       total 292352K, used 290460K [0x00000000cd800000, 0x00000000df580000, 0x00000000ef280000)
  object space 292352K, 99% used [0x00000000cd800000,0x00000000df3a73b8,0x00000000df580000)
 PSPermGen       total 100352K, used 99071K [0x00000000b5800000, 0x00000000bba00000, 0x00000000cd800000)
  object space 100352K, 98% used [0x00000000b5800000,0x00000000bb8bff08,0x00000000bba00000)
}
Event: 149304.664 GC heap before
{Heap before GC invocations=1641 (full 30):
 PSYoungGen      total 43008K, used 2240K [0x00000000ef280000, 0x00000000f2180000, 0x0000000100000000)
  eden space 37888K, 0% used [0x00000000ef280000,0x00000000ef280000,0x00000000f1780000)
  from space 5120K, 43% used [0x00000000f1780000,0x00000000f19b0000,0x00000000f1c80000)
  to   space 5120K, 0% used [0x00000000f1c80000,0x00000000f1c80000,0x00000000f2180000)
 ParOldGen       total 292352K, used 290460K [0x00000000cd800000, 0x00000000df580000, 0x00000000ef280000)
  object space 292352K, 99% used [0x00000000cd800000,0x00000000df3a73b8,0x00000000df580000)
 PSPermGen       total 100352K, used 99071K [0x00000000b5800000, 0x00000000bba00000, 0x00000000cd800000)
  object space 100352K, 98% used [0x00000000b5800000,0x00000000bb8bff08,0x00000000bba00000)

